
       ╔════════════════════════════════════════════╗
       ║            ___ ___ ___ ___ _____           ║
       ║           / __| _ \ __/ __|_   _|          ║
       ║          | (__|   / _|\__ \ | |            ║
       ║           \___|_|_\___|___/ |_|            ║
       ║                                            ║
       ║  Conformer-Rotamer Ensemble Sampling Tool  ║
       ║          based on the xTB methods          ║
       ║                                            ║
       ╚════════════════════════════════════════════╝
       Version 3.0.2, Tue, 05 August 16:25:20, 08/05/2025
       commit (6914a25) compiled by 'usr@b54ea9d7c43e'

   Cite work conducted with this code as

   • P.Pracht, F.Bohle, S.Grimme, PCCP, 2020, 22, 7169-7192.
   • S.Grimme, JCTC, 2019, 15, 2847-2862.
   • P.Pracht, S.Grimme, C.Bannwarth, F.Bohle, S.Ehlert,
     G.Feldmann, J.Gorges, M.Müller, T.Neudecker, C.Plett,
     S.Spicher, P.Steinbach, P.Wesołowski, F.Zeller,
     J. Chem. Phys., 2024, 160, 114110.

   for works involving QCG cite

   • S.Spicher, C.Plett, P.Pracht, A.Hansen, S.Grimme,
     JCTC, 2022, 18 (5), 3174-3189.
   • C.Plett, S. Grimme,
     Angew. Chem. Int. Ed. 2023, 62, e202214477.

   for works involving MECP screening cite

   • P.Pracht, C.Bannwarth, JCTC, 2022, 18 (10), 6370-6385.

   Original code
     P.Pracht, S.Grimme, Universität Bonn, MCTC
   with help from (alphabetical order):
     C.Bannwarth, F.Bohle, S.Ehlert, G.Feldmann, J.Gorges,
     S.Grimme, C.Plett, P.Pracht, S.Spicher, P.Steinbach,
     P.Wesolowski, F.Zeller

   Online documentation is available at
   https://crest-lab.github.io/crest-docs/

   This program is distributed in the hope that it will be useful,
   but WITHOUT ANY WARRANTY; without even the implied warranty of
   MERCHANTABILITY or FITNESS FOR A PARTICULAR PURPOSE. See the
   GNU Lesser General Public License (LGPL) for more details.

 Command line input:
 $ crest --input crest.toml --noreftopo --mquick

 reading crest.toml
********************************************************************************
* INPUT FILE crest.toml content (without comments):
********************************************************************************
* runtype = "imtd-gc"
* preopt = true
* multilevelopt = true
* topo = true
* parallel = 4
* input = "input.sdf"
* [calculation]
* opt_engine = "ancopt"
* hess_update = "bfgs"
* optlev = "normal"
* [[calculation.level]]
* method = "gfn2"
* chrg = 0
* rdwbo = false
* rddip = false
* dipgrad = false
* [[calculation.level]]
* method = "gfn2"
* chrg = 0
* rdwbo = false
* rddip = false
* dipgrad = false
* [cregen]
* ewin = 6.0000000000
* ethr = 0.0500000000
* rthr = 0.1250000000
* bthr = 0.0100000000
* [dynamics]
* active = [2]
* dump = 100.0000000000
********************************************************************************
  --mquick  : very crude quick-mode (no NORMMD, no GC, crude opt.)

 -----------------------------
 Initial Geometry Optimization
 -----------------------------
 Geometry successfully optimized.

          ┍━━━━━━━━━━━━━━━━━━━━━━━━━━━━━━━━━━━━━━━━━━━━━━━━━┑
          │              CREST iMTD-GC SAMPLING             │
          ┕━━━━━━━━━━━━━━━━━━━━━━━━━━━━━━━━━━━━━━━━━━━━━━━━━┙

 Input structure:
  8

 C          0.7606672841        0.0000010367        0.0000000003
 C         -0.7606672841       -0.0000009175       -0.0000000003
 H          1.1436354187        1.0181201976       -0.0000001002
 H          1.1436309805       -0.5090584567        0.8817189441
 H          1.1436309798       -0.5090586303       -0.8817188436
 H         -1.1436352753       -1.0181201674        0.0000001003
 H         -1.1436310515        0.5090585556        0.8817189041
 H         -1.1436310522        0.5090583820       -0.8817190048

 ------------------------------------------------
 Generating MTD length from a flexibility measure
 ------------------------------------------------
 Calculating GFN0-xTB WBOs   ... done.
 Calculating NCI flexibility ... done.
     covalent flexibility measure :   0.000
 non-covalent flexibility measure :   0.925
 flexibility measure :   0.000
 t(MTD) / ps    :     2.5
 Σ(t(MTD)) / ps :    15.0 (6 MTDs)

 -----------------------------------
 Starting trial MTD to test settings
 -----------------------------------
 Trial MTD 1 runtime (1.0 ps) ...        0 min,  0.151 sec
 Estimated runtime for one MTD (2.5 ps) on a single thread: 0 sec
 Estimated runtime for a batch of 6 MTDs on 4 threads: 1 sec

******************************************************************************************
**                         N E W   I T E R A T I O N  C Y C L E                         **
******************************************************************************************

 ------------------------------
 Meta-Dynamics Iteration 1
 ------------------------------
 list of applied metadynamics Vbias parameters:
$metadyn    0.01600   1.000
$metadyn    0.00800   1.000
$metadyn    0.01600   0.500
$metadyn    0.00800   0.500
$metadyn    0.01600   0.250
$metadyn    0.00800   0.250

  ::::::::::::: starting MTD    1 :::::::::::::
  |   MD simulation time   :     2.5 ps       |
  |   target T             :   300.0 K        |
  |   timestep dt          :     5.0 fs       |
  |   dump interval(trj)   :   100.0 fs       |
  |   SHAKE algorithm      : true (all bonds) |
  |   active potentials    :   1 potential    |
  |   dump interval(Vbias) :    1.00 ps       |
  |   Vbias prefactor (k)  :  0.0160 Eh       |
  |   Vbias exponent (α)   :  1.0000 bohr⁻²   |
  ::::::::::::: starting MTD    5 :::::::::::::
  |   MD simulation time   :     2.5 ps       |
  |   target T             :   300.0 K        |
  |   timestep dt          :     5.0 fs       |
  |   dump interval(trj)   :   100.0 fs       |
  |   SHAKE algorithm      : true (all bonds) |
  |   active potentials    :   1 potential    |
  |   dump interval(Vbias) :    1.00 ps       |
  |   Vbias prefactor (k)  :  0.0160 Eh       |
  |   Vbias exponent (α)   :  0.2500 bohr⁻²   |
  ::::::::::::: starting MTD    6 :::::::::::::
  |   MD simulation time   :     2.5 ps       |
  |   target T             :   300.0 K        |
  |   timestep dt          :     5.0 fs       |
  |   dump interval(trj)   :   100.0 fs       |
  |   SHAKE algorithm      : true (all bonds) |
  |   active potentials    :   1 potential    |
  |   dump interval(Vbias) :    1.00 ps       |
  |   Vbias prefactor (k)  :  0.0080 Eh       |
  |   Vbias exponent (α)   :  0.2500 bohr⁻²   |
  ::::::::::::: starting MTD    3 :::::::::::::
  |   MD simulation time   :     2.5 ps       |
  |   target T             :   300.0 K        |
  |   timestep dt          :     5.0 fs       |
  |   dump interval(trj)   :   100.0 fs       |
  |   SHAKE algorithm      : true (all bonds) |
  |   active potentials    :   1 potential    |
  |   dump interval(Vbias) :    1.00 ps       |
  |   Vbias prefactor (k)  :  0.0160 Eh       |
  |   Vbias exponent (α)   :  0.5000 bohr⁻²   |
*MTD   5 completed successfully ...        0 min,  0.327 sec
*MTD   6 completed successfully ...        0 min,  0.331 sec
*MTD   1 completed successfully ...        0 min,  0.333 sec
  ::::::::::::: starting MTD    2 :::::::::::::
  |   MD simulation time   :     2.5 ps       |
  |   target T             :   300.0 K        |
  |   timestep dt          :     5.0 fs       |
  |   dump interval(trj)   :   100.0 fs       |
  |   SHAKE algorithm      : true (all bonds) |
  |   active potentials    :   1 potential    |
  |   dump interval(Vbias) :    1.00 ps       |
  |   Vbias prefactor (k)  :  0.0080 Eh       |
  |   Vbias exponent (α)   :  1.0000 bohr⁻²   |
*MTD   3 completed successfully ...        0 min,  0.339 sec
  ::::::::::::: starting MTD    4 :::::::::::::
  |   MD simulation time   :     2.5 ps       |
  |   target T             :   300.0 K        |
  |   timestep dt          :     5.0 fs       |
  |   dump interval(trj)   :   100.0 fs       |
  |   SHAKE algorithm      : true (all bonds) |
  |   active potentials    :   1 potential    |
  |   dump interval(Vbias) :    1.00 ps       |
  |   Vbias prefactor (k)  :  0.0080 Eh       |
  |   Vbias exponent (α)   :  0.5000 bohr⁻²   |
*MTD   2 completed successfully ...        0 min,  0.309 sec
*MTD   4 completed successfully ...        0 min,  0.319 sec

 ======================================
 |  Multilevel Ensemble Optimization  |
 ======================================
 Optimizing all 144 structures from file "crest_dynamics.trj" ...
 ----------------------
 crude pre-optimization
 ----------------------
 Optimization engine: ANCOPT
 Hessian update type: BFGS
 E/G convergence criteria:  0.500E-03 Eh, 0.100E-01 Eh/a0
 maximum optimization steps: 200
 |>0.7% |>10.4% |>20.1% |>30.6% |>40.3% |>50.0% |>60.4% |>70.1% |>80.6% |>90.3% |>100.0%
 done.
> 144 of 144 structures successfully optimized (100.0% success)
> Total runtime for 144 optimizations:
 * wall-time:     0 d,  0 h,  0 min,  0.341 sec
 *  cpu-time:     0 d,  0 h,  0 min,  1.309 sec
 * ratio c/w:     3.844 speedup
> Corresponding to approximately 0.002 sec per processed structure

CREGEN> running RMSDs ... done.
CREGEN> E lowest :   -14.67274
 3 structures remain within     5.00 kcal/mol window
 This is less than 5% of the initial 144 structures.
 Increasing energy window to include more...
CREGEN> running RMSDs ... done.
CREGEN> E lowest :   -14.67274
 8 structures remain within     7.50 kcal/mol window
 ----------------------------------
 optimization with loose thresholds
 ----------------------------------
 Optimization engine: ANCOPT
 Hessian update type: BFGS
 E/G convergence criteria:  0.500E-04 Eh, 0.400E-02 Eh/a0
 maximum optimization steps: 200
 |>12.5% |>25.0% |>37.5% |>50.0% |>62.5% |>75.0% |>87.5% |>100.0%
 done.
> 8 of 8 structures successfully optimized (100.0% success)
> Total runtime for 8 optimizations:
 * wall-time:     0 d,  0 h,  0 min,  0.031 sec
 *  cpu-time:     0 d,  0 h,  0 min,  0.086 sec
 * ratio c/w:     2.769 speedup
> Corresponding to approximately 0.004 sec per processed structure

CREGEN> running RMSDs ... done.
CREGEN> E lowest :   -14.67274
 3 structures remain within     4.00 kcal/mol window

========================================
           MTD Simulations done
========================================
 Collecting ensmbles.
CREGEN> running RMSDs ... done.
CREGEN> E lowest :   -14.67274
 3 structures remain within     2.50 kcal/mol window


   ================================================
   |           Final Geometry Optimization        |
   ================================================
 Optimizing all 3 structures from file "crest_rotamers_1.xyz" ...
 ------------------------------------
 optimization with regular thresholds
 ------------------------------------
 Optimization engine: ANCOPT
 Hessian update type: BFGS
 E/G convergence criteria:  0.500E-05 Eh, 0.100E-02 Eh/a0
 maximum optimization steps: 200
 |>33.3% |>66.7% |>100.0%
 done.
> 3 of 3 structures successfully optimized (100.0% success)
> Total runtime for 3 optimizations:
 * wall-time:     0 d,  0 h,  0 min,  0.007 sec
 *  cpu-time:     0 d,  0 h,  0 min,  0.017 sec
 * ratio c/w:     2.418 speedup
> Corresponding to approximately 0.002 sec per processed structure

CREGEN> running RMSDs ... done.
CREGEN> E lowest :   -14.67274
 3 structures remain within     2.50 kcal/mol window


 --------------------------
 Final Ensemble Information
 --------------------------
 input  file name : crest_rotamers_1.xyz
 output file name : crest_rotamers_2.xyz
 number of atoms                :   8
 number of points on xyz files  :   3
 RMSD threshold                 :   0.1250
 Bconst threshold               :   0.0100
 population threshold           :   0.0500
 # fragment in coord            :     1
 # bonds in reference structure :     7
 number of reliable points      :     3
 sorting energy window (EWIN)   :    2.5000 / kcal*mol⁻¹
 reference state Etot           :  -14.672741159999999
 number of doubles removed by rot/RMSD         :           0
 total number unique points considered further :           3
       Erel/kcal        Etot weight/tot  conformer     set   degen     origin
       1   0.000   -14.67274    0.33362    1.00000       1       3
       2   0.001   -14.67274    0.33320
       3   0.001   -14.67274    0.33318
T /K                                  :   298.15
E lowest                              :   -14.67274
ensemble average energy (kcal)        :    0.001
ensemble entropy (J/mol K, cal/mol K) :    9.134    2.183
ensemble free energy (kcal/mol)       :   -0.651
population of lowest in %             :  100.000
 number of unique conformers for further calc            1
 list of relative energies saved as "crest.energies"

 -----------------
 Wall Time Summary
 -----------------
 CREST runtime (total)               0 d,  0 h,  0 min,  1.354 sec
 ------------------------------------------------------------------
 Trial metadynamics (MTD)   ...        0 min,  0.153 sec ( 11.327%)
 Metadynamics (MTD)         ...        0 min,  0.669 sec ( 49.388%)
 Geometry optimization      ...        0 min,  0.422 sec ( 31.140%)
 I/O and setup              ...        0 min,  0.110 sec (  8.145%)
 ------------------------------------------------------------------
 * wall-time:     0 d,  0 h,  0 min,  1.354 sec
 *  cpu-time:     0 d,  0 h,  0 min,  6.049 sec
 * ratio c/w:     4.467 speedup
 ------------------------------------------------------------------
 * Total number of energy+grad calls: 4330

 CREST terminated normally.
